<?xml version="1.0" encoding="UTF-8"?>
<testsuite name="RectangleTest" tests="2" skipped="0" failures="0" errors="0" timestamp="2022-03-10T09:44:22" hostname="Thiripurasundaris-MacBook-Pro.local" time="0.025">
  <properties/>
  <testcase name="checkForArea16ForLength4AndWidth4()" classname="RectangleTest" time="0.023"/>
  <testcase name="checkForArea20ForLength4andWidth5()" classname="RectangleTest" time="0.001"/>
  <system-out><![CDATA[]]></system-out>
  <system-err><![CDATA[]]></system-err>
</testsuite>
